torchrun --redirects 1:0,2:0,3:0,4:0,5:0,6:0,7:0 --standalone --nnodes=1 --nproc_per_node=8 submission_runner.py --framework=pytorch --workload=imagenet_resnet --submission_path=submissions_algorithms/leaderboard/external_tuning/shampoo_submission/submission.py --data_dir=/data/imagenet/pytorch --num_tuning_trials=1 --experiment_dir=/experiment_runs --experiment_name=submissions/rolling_leaderboard/external_tuning/shampoo/study_0 --overwrite=True --save_checkpoints=False --rng_seed=1256383743 --imagenet_v2_data_dir=/data/imagenet/pytorch --torch_compile=true --tuning_ruleset=external --tuning_search_space=submissions_algorithms/leaderboard/external_tuning/shampoo_submission/tuning_search_space.json --num_tuning_trials=5 --hparam_start_index=0 --hparam_end_index=1 2>&1 | tee -a /logs/imagenet_resnet_pytorch_03-14-2025-21-02-41.log
W0314 21:02:43.119000 9 site-packages/torch/distributed/run.py:793] 
W0314 21:02:43.119000 9 site-packages/torch/distributed/run.py:793] *****************************************
W0314 21:02:43.119000 9 site-packages/torch/distributed/run.py:793] Setting OMP_NUM_THREADS environment variable for each process to be 1 in default, to avoid your system being overloaded, please further tune the variable for optimal performance in your application as needed. 
W0314 21:02:43.119000 9 site-packages/torch/distributed/run.py:793] *****************************************
2025-03-14 21:02:44.093500: E external/local_xla/xla/stream_executor/cuda/cuda_fft.cc:477] Unable to register cuFFT factory: Attempting to register factory for plugin cuFFT when one has already been registered
2025-03-14 21:02:44.093493: E external/local_xla/xla/stream_executor/cuda/cuda_fft.cc:477] Unable to register cuFFT factory: Attempting to register factory for plugin cuFFT when one has already been registered
2025-03-14 21:02:44.093512: E external/local_xla/xla/stream_executor/cuda/cuda_fft.cc:477] Unable to register cuFFT factory: Attempting to register factory for plugin cuFFT when one has already been registered
2025-03-14 21:02:44.093504: E external/local_xla/xla/stream_executor/cuda/cuda_fft.cc:477] Unable to register cuFFT factory: Attempting to register factory for plugin cuFFT when one has already been registered
2025-03-14 21:02:44.093493: E external/local_xla/xla/stream_executor/cuda/cuda_fft.cc:477] Unable to register cuFFT factory: Attempting to register factory for plugin cuFFT when one has already been registered
2025-03-14 21:02:44.093496: E external/local_xla/xla/stream_executor/cuda/cuda_fft.cc:477] Unable to register cuFFT factory: Attempting to register factory for plugin cuFFT when one has already been registered
2025-03-14 21:02:44.093493: E external/local_xla/xla/stream_executor/cuda/cuda_fft.cc:477] Unable to register cuFFT factory: Attempting to register factory for plugin cuFFT when one has already been registered
2025-03-14 21:02:44.093659: E external/local_xla/xla/stream_executor/cuda/cuda_fft.cc:477] Unable to register cuFFT factory: Attempting to register factory for plugin cuFFT when one has already been registered
WARNING: All log messages before absl::InitializeLog() is called are written to STDERR
WARNING: All log messages before absl::InitializeLog() is called are written to STDERR
WARNING: All log messages before absl::InitializeLog() is called are written to STDERR
WARNING: All log messages before absl::InitializeLog() is called are written to STDERR
WARNING: All log messages before absl::InitializeLog() is called are written to STDERR
WARNING: All log messages before absl::InitializeLog() is called are written to STDERR
E0000 00:00:1741986164.114230      46 cuda_dnn.cc:8310] Unable to register cuDNN factory: Attempting to register factory for plugin cuDNN when one has already been registered
E0000 00:00:1741986164.114229      51 cuda_dnn.cc:8310] Unable to register cuDNN factory: Attempting to register factory for plugin cuDNN when one has already been registered
E0000 00:00:1741986164.114230      45 cuda_dnn.cc:8310] Unable to register cuDNN factory: Attempting to register factory for plugin cuDNN when one has already been registered
E0000 00:00:1741986164.114230      50 cuda_dnn.cc:8310] Unable to register cuDNN factory: Attempting to register factory for plugin cuDNN when one has already been registered
E0000 00:00:1741986164.114230      47 cuda_dnn.cc:8310] Unable to register cuDNN factory: Attempting to register factory for plugin cuDNN when one has already been registered
WARNING: All log messages before absl::InitializeLog() is called are written to STDERR
E0000 00:00:1741986164.114240      48 cuda_dnn.cc:8310] Unable to register cuDNN factory: Attempting to register factory for plugin cuDNN when one has already been registered
E0000 00:00:1741986164.114231      49 cuda_dnn.cc:8310] Unable to register cuDNN factory: Attempting to register factory for plugin cuDNN when one has already been registered
WARNING: All log messages before absl::InitializeLog() is called are written to STDERR
E0000 00:00:1741986164.114589      44 cuda_dnn.cc:8310] Unable to register cuDNN factory: Attempting to register factory for plugin cuDNN when one has already been registered
E0000 00:00:1741986164.120314      46 cuda_blas.cc:1418] Unable to register cuBLAS factory: Attempting to register factory for plugin cuBLAS when one has already been registered
E0000 00:00:1741986164.120316      45 cuda_blas.cc:1418] Unable to register cuBLAS factory: Attempting to register factory for plugin cuBLAS when one has already been registered
E0000 00:00:1741986164.120330      47 cuda_blas.cc:1418] Unable to register cuBLAS factory: Attempting to register factory for plugin cuBLAS when one has already been registered
E0000 00:00:1741986164.120327      48 cuda_blas.cc:1418] Unable to register cuBLAS factory: Attempting to register factory for plugin cuBLAS when one has already been registered
E0000 00:00:1741986164.120337      50 cuda_blas.cc:1418] Unable to register cuBLAS factory: Attempting to register factory for plugin cuBLAS when one has already been registered
E0000 00:00:1741986164.120333      49 cuda_blas.cc:1418] Unable to register cuBLAS factory: Attempting to register factory for plugin cuBLAS when one has already been registered
E0000 00:00:1741986164.120370      51 cuda_blas.cc:1418] Unable to register cuBLAS factory: Attempting to register factory for plugin cuBLAS when one has already been registered
E0000 00:00:1741986164.120818      44 cuda_blas.cc:1418] Unable to register cuBLAS factory: Attempting to register factory for plugin cuBLAS when one has already been registered
ERROR:root:Unable to import wandb.
Traceback (most recent call last):
  File "/algorithmic-efficiency/algoperf/logger_utils.py", line 27, in <module>
    import wandb  # pylint: disable=g-import-not-at-top
    ^^^^^^^^^^^^
ModuleNotFoundError: No module named 'wandb'
ERROR:root:Unable to import wandb.
Traceback (most recent call last):
  File "/algorithmic-efficiency/algoperf/logger_utils.py", line 27, in <module>
    import wandb  # pylint: disable=g-import-not-at-top
    ^^^^^^^^^^^^
ModuleNotFoundError: No module named 'wandb'
ERROR:root:Unable to import wandb.
Traceback (most recent call last):
  File "/algorithmic-efficiency/algoperf/logger_utils.py", line 27, in <module>
    import wandb  # pylint: disable=g-import-not-at-top
    ^^^^^^^^^^^^
ModuleNotFoundError: No module named 'wandb'
ERROR:root:Unable to import wandb.
Traceback (most recent call last):
  File "/algorithmic-efficiency/algoperf/logger_utils.py", line 27, in <module>
    import wandb  # pylint: disable=g-import-not-at-top
    ^^^^^^^^^^^^
ModuleNotFoundError: No module named 'wandb'
ERROR:root:Unable to import wandb.
Traceback (most recent call last):
  File "/algorithmic-efficiency/algoperf/logger_utils.py", line 27, in <module>
    import wandb  # pylint: disable=g-import-not-at-top
    ^^^^^^^^^^^^
ModuleNotFoundError: No module named 'wandb'
ERROR:root:Unable to import wandb.
Traceback (most recent call last):
  File "/algorithmic-efficiency/algoperf/logger_utils.py", line 27, in <module>
    import wandb  # pylint: disable=g-import-not-at-top
    ^^^^^^^^^^^^
ModuleNotFoundError: No module named 'wandb'
ERROR:root:Unable to import wandb.
Traceback (most recent call last):
  File "/algorithmic-efficiency/algoperf/logger_utils.py", line 27, in <module>
    import wandb  # pylint: disable=g-import-not-at-top
    ^^^^^^^^^^^^
ModuleNotFoundError: No module named 'wandb'
ERROR:root:Unable to import wandb.
Traceback (most recent call last):
  File "/algorithmic-efficiency/algoperf/logger_utils.py", line 27, in <module>
    import wandb  # pylint: disable=g-import-not-at-top
    ^^^^^^^^^^^^
ModuleNotFoundError: No module named 'wandb'
[rank0]:[W314 21:02:52.541092723 ProcessGroupNCCL.cpp:4115] [PG ID 0 PG GUID 0 Rank 0]  using GPU 0 to perform barrier as devices used by this process are currently unknown. This can potentially cause a hang if this rank to GPU mapping is incorrect.Specify device_ids in barrier() to force use of a particular device,or call init_process_group() with a device_id.
[rank6]:[W314 21:02:53.111725831 ProcessGroupNCCL.cpp:4115] [PG ID 0 PG GUID 0 Rank 6]  using GPU 6 to perform barrier as devices used by this process are currently unknown. This can potentially cause a hang if this rank to GPU mapping is incorrect.Specify device_ids in barrier() to force use of a particular device,or call init_process_group() with a device_id.
[rank4]:[W314 21:02:53.115962735 ProcessGroupNCCL.cpp:4115] [PG ID 0 PG GUID 0 Rank 4]  using GPU 4 to perform barrier as devices used by this process are currently unknown. This can potentially cause a hang if this rank to GPU mapping is incorrect.Specify device_ids in barrier() to force use of a particular device,or call init_process_group() with a device_id.
[rank3]:[W314 21:02:53.117122653 ProcessGroupNCCL.cpp:4115] [PG ID 0 PG GUID 0 Rank 3]  using GPU 3 to perform barrier as devices used by this process are currently unknown. This can potentially cause a hang if this rank to GPU mapping is incorrect.Specify device_ids in barrier() to force use of a particular device,or call init_process_group() with a device_id.
[rank7]:[W314 21:02:53.119864717 ProcessGroupNCCL.cpp:4115] [PG ID 0 PG GUID 0 Rank 7]  using GPU 7 to perform barrier as devices used by this process are currently unknown. This can potentially cause a hang if this rank to GPU mapping is incorrect.Specify device_ids in barrier() to force use of a particular device,or call init_process_group() with a device_id.
[rank2]:[W314 21:02:53.124210082 ProcessGroupNCCL.cpp:4115] [PG ID 0 PG GUID 0 Rank 2]  using GPU 2 to perform barrier as devices used by this process are currently unknown. This can potentially cause a hang if this rank to GPU mapping is incorrect.Specify device_ids in barrier() to force use of a particular device,or call init_process_group() with a device_id.
[rank1]:[W314 21:02:53.124414880 ProcessGroupNCCL.cpp:4115] [PG ID 0 PG GUID 0 Rank 1]  using GPU 1 to perform barrier as devices used by this process are currently unknown. This can potentially cause a hang if this rank to GPU mapping is incorrect.Specify device_ids in barrier() to force use of a particular device,or call init_process_group() with a device_id.
[rank5]:[W314 21:02:53.136259378 ProcessGroupNCCL.cpp:4115] [PG ID 0 PG GUID 0 Rank 5]  using GPU 5 to perform barrier as devices used by this process are currently unknown. This can potentially cause a hang if this rank to GPU mapping is incorrect.Specify device_ids in barrier() to force use of a particular device,or call init_process_group() with a device_id.
I0314 21:02:54.873562 140190224966848 logger_utils.py:81] Creating experiment directory at /experiment_runs/submissions/rolling_leaderboard/external_tuning/shampoo/study_0/imagenet_resnet_pytorch.
I0314 21:02:54.873564 139800929531072 logger_utils.py:81] Creating experiment directory at /experiment_runs/submissions/rolling_leaderboard/external_tuning/shampoo/study_0/imagenet_resnet_pytorch.
I0314 21:02:54.873561 140309694108864 logger_utils.py:81] Creating experiment directory at /experiment_runs/submissions/rolling_leaderboard/external_tuning/shampoo/study_0/imagenet_resnet_pytorch.
I0314 21:02:54.873559 140703698695360 logger_utils.py:81] Creating experiment directory at /experiment_runs/submissions/rolling_leaderboard/external_tuning/shampoo/study_0/imagenet_resnet_pytorch.
I0314 21:02:54.873561 140595444569280 logger_utils.py:81] Creating experiment directory at /experiment_runs/submissions/rolling_leaderboard/external_tuning/shampoo/study_0/imagenet_resnet_pytorch.
I0314 21:02:54.873567 139622417122496 logger_utils.py:81] Creating experiment directory at /experiment_runs/submissions/rolling_leaderboard/external_tuning/shampoo/study_0/imagenet_resnet_pytorch.
I0314 21:02:54.873576 140068055561408 logger_utils.py:81] Creating experiment directory at /experiment_runs/submissions/rolling_leaderboard/external_tuning/shampoo/study_0/imagenet_resnet_pytorch.
I0314 21:02:54.873657 140038174655680 logger_utils.py:81] Creating experiment directory at /experiment_runs/submissions/rolling_leaderboard/external_tuning/shampoo/study_0/imagenet_resnet_pytorch.
[rank7]: Traceback (most recent call last):
[rank7]:   File "/algorithmic-efficiency/submission_runner.py", line 766, in <module>
[rank7]:     app.run(main)
[rank7]:   File "/usr/local/lib/python3.11/site-packages/absl/app.py", line 308, in run
[rank7]:     _run_main(main, args)
[rank7]:   File "/usr/local/lib/python3.11/site-packages/absl/app.py", line 254, in _run_main
[rank7]:     sys.exit(main(argv))
[rank7]:              ^^^^^^^^^^
[rank7]:   File "/algorithmic-efficiency/submission_runner.py", line 734, in main
[rank7]:     score = score_submission_on_workload(
[rank7]:             ^^^^^^^^^^^^^^^^^^^^^^^^^^^^^
[rank7]:   File "/algorithmic-efficiency/submission_runner.py", line 558, in score_submission_on_workload
[rank7]:     submission_module = importlib.import_module(submission_module_path)
[rank7]:                         ^^^^^^^^^^^^^^^^^^^^^^^^^^^^^^^^^^^^^^^^^^^^^^^
[rank7]:   File "/usr/local/lib/python3.11/importlib/__init__.py", line 126, in import_module
[rank7]:     return _bootstrap._gcd_import(name[level:], package, level)
[rank7]:            ^^^^^^^^^^^^^^^^^^^^^^^^^^^^^^^^^^^^^^^^^^^^^^^^^^^^
[rank7]:   File "<frozen importlib._bootstrap>", line 1204, in _gcd_import
[rank7]:   File "<frozen importlib._bootstrap>", line 1176, in _find_and_load
[rank7]:   File "<frozen importlib._bootstrap>", line 1147, in _find_and_load_unlocked
[rank7]:   File "<frozen importlib._bootstrap>", line 690, in _load_unlocked
[rank7]:   File "<frozen importlib._bootstrap_external>", line 940, in exec_module
[rank7]:   File "<frozen importlib._bootstrap>", line 241, in _call_with_frames_removed
[rank7]:   File "/algorithmic-efficiency/submissions_algorithms/leaderboard/external_tuning/shampoo_submission/submission.py", line 22, in <module>
[rank7]:     from submissions_algorithms.leaderboard.external_tuning.shampoo_submission.optimizers.distributed_shampoo.distributed_shampoo import DistributedShampoo
[rank7]:   File "/algorithmic-efficiency/submissions_algorithms/leaderboard/external_tuning/shampoo_submission/optimizers/distributed_shampoo/distributed_shampoo.py", line 71, in <module>
[rank7]:     from submissions_algorithms.leaderboard.external_tuning.shampoo_submission.optimizers.distributed_shampoo.utils.shampoo_checkpoint_utils import (
[rank7]:   File "/algorithmic-efficiency/submissions_algorithms/leaderboard/external_tuning/shampoo_submission/optimizers/distributed_shampoo/utils/shampoo_checkpoint_utils.py", line 18, in <module>
[rank7]:     from submissions.submissions_algorithms_v0_5.AlgoPerf_Team_21.external_tuning.shampoo_submission.optimizers.optimizer_modules import OptimizerModule
[rank7]: ModuleNotFoundError: No module named 'submissions.submissions_algorithms_v0_5'
[rank1]: Traceback (most recent call last):
[rank1]:   File "/algorithmic-efficiency/submission_runner.py", line 766, in <module>
[rank1]:     app.run(main)
[rank1]:   File "/usr/local/lib/python3.11/site-packages/absl/app.py", line 308, in run
[rank1]:     _run_main(main, args)
[rank1]:   File "/usr/local/lib/python3.11/site-packages/absl/app.py", line 254, in _run_main
[rank1]:     sys.exit(main(argv))
[rank1]:              ^^^^^^^^^^
[rank1]:   File "/algorithmic-efficiency/submission_runner.py", line 734, in main
[rank1]:     score = score_submission_on_workload(
[rank1]:             ^^^^^^^^^^^^^^^^^^^^^^^^^^^^^
[rank1]:   File "/algorithmic-efficiency/submission_runner.py", line 558, in score_submission_on_workload
[rank1]:     submission_module = importlib.import_module(submission_module_path)
[rank1]:                         ^^^^^^^^^^^^^^^^^^^^^^^^^^^^^^^^^^^^^^^^^^^^^^^
[rank1]:   File "/usr/local/lib/python3.11/importlib/__init__.py", line 126, in import_module
[rank1]:     return _bootstrap._gcd_import(name[level:], package, level)
[rank1]:            ^^^^^^^^^^^^^^^^^^^^^^^^^^^^^^^^^^^^^^^^^^^^^^^^^^^^
[rank1]:   File "<frozen importlib._bootstrap>", line 1204, in _gcd_import
[rank1]:   File "<frozen importlib._bootstrap>", line 1176, in _find_and_load
[rank1]:   File "<frozen importlib._bootstrap>", line 1147, in _find_and_load_unlocked
[rank1]:   File "<frozen importlib._bootstrap>", line 690, in _load_unlocked
[rank1]:   File "<frozen importlib._bootstrap_external>", line 940, in exec_module
[rank1]:   File "<frozen importlib._bootstrap>", line 241, in _call_with_frames_removed
[rank1]:   File "/algorithmic-efficiency/submissions_algorithms/leaderboard/external_tuning/shampoo_submission/submission.py", line 22, in <module>
[rank1]:     from submissions_algorithms.leaderboard.external_tuning.shampoo_submission.optimizers.distributed_shampoo.distributed_shampoo import DistributedShampoo
[rank1]:   File "/algorithmic-efficiency/submissions_algorithms/leaderboard/external_tuning/shampoo_submission/optimizers/distributed_shampoo/distributed_shampoo.py", line 71, in <module>
[rank1]:     from submissions_algorithms.leaderboard.external_tuning.shampoo_submission.optimizers.distributed_shampoo.utils.shampoo_checkpoint_utils import (
[rank1]:   File "/algorithmic-efficiency/submissions_algorithms/leaderboard/external_tuning/shampoo_submission/optimizers/distributed_shampoo/utils/shampoo_checkpoint_utils.py", line 18, in <module>
[rank1]:     from submissions.submissions_algorithms_v0_5.AlgoPerf_Team_21.external_tuning.shampoo_submission.optimizers.optimizer_modules import OptimizerModule
[rank1]: ModuleNotFoundError: No module named 'submissions.submissions_algorithms_v0_5'
[rank6]: Traceback (most recent call last):
[rank6]:   File "/algorithmic-efficiency/submission_runner.py", line 766, in <module>
[rank6]:     app.run(main)
[rank6]:   File "/usr/local/lib/python3.11/site-packages/absl/app.py", line 308, in run
[rank6]:     _run_main(main, args)
[rank6]:   File "/usr/local/lib/python3.11/site-packages/absl/app.py", line 254, in _run_main
[rank6]:     sys.exit(main(argv))
[rank6]:              ^^^^^^^^^^
[rank6]:   File "/algorithmic-efficiency/submission_runner.py", line 734, in main
[rank6]:     score = score_submission_on_workload(
[rank6]:             ^^^^^^^^^^^^^^^^^^^^^^^^^^^^^
[rank6]:   File "/algorithmic-efficiency/submission_runner.py", line 558, in score_submission_on_workload
[rank6]:     submission_module = importlib.import_module(submission_module_path)
[rank6]:                         ^^^^^^^^^^^^^^^^^^^^^^^^^^^^^^^^^^^^^^^^^^^^^^^
[rank6]:   File "/usr/local/lib/python3.11/importlib/__init__.py", line 126, in import_module
[rank6]:     return _bootstrap._gcd_import(name[level:], package, level)
[rank6]:            ^^^^^^^^^^^^^^^^^^^^^^^^^^^^^^^^^^^^^^^^^^^^^^^^^^^^
[rank6]:   File "<frozen importlib._bootstrap>", line 1204, in _gcd_import
[rank6]:   File "<frozen importlib._bootstrap>", line 1176, in _find_and_load
[rank6]:   File "<frozen importlib._bootstrap>", line 1147, in _find_and_load_unlocked
[rank6]:   File "<frozen importlib._bootstrap>", line 690, in _load_unlocked
[rank6]:   File "<frozen importlib._bootstrap_external>", line 940, in exec_module
[rank6]:   File "<frozen importlib._bootstrap>", line 241, in _call_with_frames_removed
[rank6]:   File "/algorithmic-efficiency/submissions_algorithms/leaderboard/external_tuning/shampoo_submission/submission.py", line 22, in <module>
[rank6]:     from submissions_algorithms.leaderboard.external_tuning.shampoo_submission.optimizers.distributed_shampoo.distributed_shampoo import DistributedShampoo
[rank6]:   File "/algorithmic-efficiency/submissions_algorithms/leaderboard/external_tuning/shampoo_submission/optimizers/distributed_shampoo/distributed_shampoo.py", line 71, in <module>
[rank6]:     from submissions_algorithms.leaderboard.external_tuning.shampoo_submission.optimizers.distributed_shampoo.utils.shampoo_checkpoint_utils import (
[rank6]:   File "/algorithmic-efficiency/submissions_algorithms/leaderboard/external_tuning/shampoo_submission/optimizers/distributed_shampoo/utils/shampoo_checkpoint_utils.py", line 18, in <module>
[rank6]:     from submissions.submissions_algorithms_v0_5.AlgoPerf_Team_21.external_tuning.shampoo_submission.optimizers.optimizer_modules import OptimizerModule
[rank6]: ModuleNotFoundError: No module named 'submissions.submissions_algorithms_v0_5'
[rank5]: Traceback (most recent call last):
[rank5]:   File "/algorithmic-efficiency/submission_runner.py", line 766, in <module>
[rank5]:     app.run(main)
[rank5]:   File "/usr/local/lib/python3.11/site-packages/absl/app.py", line 308, in run
[rank5]:     _run_main(main, args)
[rank5]:   File "/usr/local/lib/python3.11/site-packages/absl/app.py", line 254, in _run_main
[rank5]:     sys.exit(main(argv))
[rank5]:              ^^^^^^^^^^
[rank5]:   File "/algorithmic-efficiency/submission_runner.py", line 734, in main
[rank5]:     score = score_submission_on_workload(
[rank5]:             ^^^^^^^^^^^^^^^^^^^^^^^^^^^^^
[rank5]:   File "/algorithmic-efficiency/submission_runner.py", line 558, in score_submission_on_workload
[rank5]:     submission_module = importlib.import_module(submission_module_path)
[rank5]:                         ^^^^^^^^^^^^^^^^^^^^^^^^^^^^^^^^^^^^^^^^^^^^^^^
[rank5]:   File "/usr/local/lib/python3.11/importlib/__init__.py", line 126, in import_module
[rank5]:     return _bootstrap._gcd_import(name[level:], package, level)
[rank5]:            ^^^^^^^^^^^^^^^^^^^^^^^^^^^^^^^^^^^^^^^^^^^^^^^^^^^^
[rank5]:   File "<frozen importlib._bootstrap>", line 1204, in _gcd_import
[rank5]:   File "<frozen importlib._bootstrap>", line 1176, in _find_and_load
[rank5]:   File "<frozen importlib._bootstrap>", line 1147, in _find_and_load_unlocked
[rank5]:   File "<frozen importlib._bootstrap>", line 690, in _load_unlocked
[rank5]:   File "<frozen importlib._bootstrap_external>", line 940, in exec_module
[rank5]:   File "<frozen importlib._bootstrap>", line 241, in _call_with_frames_removed
[rank5]:   File "/algorithmic-efficiency/submissions_algorithms/leaderboard/external_tuning/shampoo_submission/submission.py", line 22, in <module>
[rank5]:     from submissions_algorithms.leaderboard.external_tuning.shampoo_submission.optimizers.distributed_shampoo.distributed_shampoo import DistributedShampoo
[rank5]:   File "/algorithmic-efficiency/submissions_algorithms/leaderboard/external_tuning/shampoo_submission/optimizers/distributed_shampoo/distributed_shampoo.py", line 71, in <module>
[rank5]:     from submissions_algorithms.leaderboard.external_tuning.shampoo_submission.optimizers.distributed_shampoo.utils.shampoo_checkpoint_utils import (
[rank5]:   File "/algorithmic-efficiency/submissions_algorithms/leaderboard/external_tuning/shampoo_submission/optimizers/distributed_shampoo/utils/shampoo_checkpoint_utils.py", line 18, in <module>
[rank5]:     from submissions.submissions_algorithms_v0_5.AlgoPerf_Team_21.external_tuning.shampoo_submission.optimizers.optimizer_modules import OptimizerModule
[rank5]: ModuleNotFoundError: No module named 'submissions.submissions_algorithms_v0_5'
[rank0]: Traceback (most recent call last):
[rank0]:   File "/algorithmic-efficiency/submission_runner.py", line 766, in <module>
[rank0]:     app.run(main)
[rank0]:   File "/usr/local/lib/python3.11/site-packages/absl/app.py", line 308, in run
[rank0]:     _run_main(main, args)
[rank0]:   File "/usr/local/lib/python3.11/site-packages/absl/app.py", line 254, in _run_main
[rank0]:     sys.exit(main(argv))
[rank0]:              ^^^^^^^^^^
[rank0]:   File "/algorithmic-efficiency/submission_runner.py", line 734, in main
[rank0]:     score = score_submission_on_workload(
[rank0]:             ^^^^^^^^^^^^^^^^^^^^^^^^^^^^^
[rank0]:   File "/algorithmic-efficiency/submission_runner.py", line 558, in score_submission_on_workload
[rank0]:     submission_module = importlib.import_module(submission_module_path)
[rank0]:                         ^^^^^^^^^^^^^^^^^^^^^^^^^^^^^^^^^^^^^^^^^^^^^^^
[rank0]:   File "/usr/local/lib/python3.11/importlib/__init__.py", line 126, in import_module
[rank0]:     return _bootstrap._gcd_import(name[level:], package, level)
[rank0]:            ^^^^^^^^^^^^^^^^^^^^^^^^^^^^^^^^^^^^^^^^^^^^^^^^^^^^
[rank0]:   File "<frozen importlib._bootstrap>", line 1204, in _gcd_import
[rank0]:   File "<frozen importlib._bootstrap>", line 1176, in _find_and_load
[rank0]:   File "<frozen importlib._bootstrap>", line 1147, in _find_and_load_unlocked
[rank0]:   File "<frozen importlib._bootstrap>", line 690, in _load_unlocked
[rank0]:   File "<frozen importlib._bootstrap_external>", line 940, in exec_module
[rank0]:   File "<frozen importlib._bootstrap>", line 241, in _call_with_frames_removed
[rank0]:   File "/algorithmic-efficiency/submissions_algorithms/leaderboard/external_tuning/shampoo_submission/submission.py", line 22, in <module>
[rank0]:     from submissions_algorithms.leaderboard.external_tuning.shampoo_submission.optimizers.distributed_shampoo.distributed_shampoo import DistributedShampoo
[rank0]:   File "/algorithmic-efficiency/submissions_algorithms/leaderboard/external_tuning/shampoo_submission/optimizers/distributed_shampoo/distributed_shampoo.py", line 71, in <module>
[rank0]:     from submissions_algorithms.leaderboard.external_tuning.shampoo_submission.optimizers.distributed_shampoo.utils.shampoo_checkpoint_utils import (
[rank0]:   File "/algorithmic-efficiency/submissions_algorithms/leaderboard/external_tuning/shampoo_submission/optimizers/distributed_shampoo/utils/shampoo_checkpoint_utils.py", line 18, in <module>
[rank0]:     from submissions.submissions_algorithms_v0_5.AlgoPerf_Team_21.external_tuning.shampoo_submission.optimizers.optimizer_modules import OptimizerModule
[rank0]: ModuleNotFoundError: No module named 'submissions.submissions_algorithms_v0_5'
[rank2]: Traceback (most recent call last):
[rank2]:   File "/algorithmic-efficiency/submission_runner.py", line 766, in <module>
[rank2]:     app.run(main)
[rank2]:   File "/usr/local/lib/python3.11/site-packages/absl/app.py", line 308, in run
[rank2]:     _run_main(main, args)
[rank2]:   File "/usr/local/lib/python3.11/site-packages/absl/app.py", line 254, in _run_main
[rank2]:     sys.exit(main(argv))
[rank2]:              ^^^^^^^^^^
[rank2]:   File "/algorithmic-efficiency/submission_runner.py", line 734, in main
[rank2]:     score = score_submission_on_workload(
[rank2]:             ^^^^^^^^^^^^^^^^^^^^^^^^^^^^^
[rank2]:   File "/algorithmic-efficiency/submission_runner.py", line 558, in score_submission_on_workload
[rank2]:     submission_module = importlib.import_module(submission_module_path)
[rank2]:                         ^^^^^^^^^^^^^^^^^^^^^^^^^^^^^^^^^^^^^^^^^^^^^^^
[rank2]:   File "/usr/local/lib/python3.11/importlib/__init__.py", line 126, in import_module
[rank2]:     return _bootstrap._gcd_import(name[level:], package, level)
[rank2]:            ^^^^^^^^^^^^^^^^^^^^^^^^^^^^^^^^^^^^^^^^^^^^^^^^^^^^
[rank2]:   File "<frozen importlib._bootstrap>", line 1204, in _gcd_import
[rank2]:   File "<frozen importlib._bootstrap>", line 1176, in _find_and_load
[rank2]:   File "<frozen importlib._bootstrap>", line 1147, in _find_and_load_unlocked
[rank2]:   File "<frozen importlib._bootstrap>", line 690, in _load_unlocked
[rank2]:   File "<frozen importlib._bootstrap_external>", line 940, in exec_module
[rank2]:   File "<frozen importlib._bootstrap>", line 241, in _call_with_frames_removed
[rank2]:   File "/algorithmic-efficiency/submissions_algorithms/leaderboard/external_tuning/shampoo_submission/submission.py", line 22, in <module>
[rank2]:     from submissions_algorithms.leaderboard.external_tuning.shampoo_submission.optimizers.distributed_shampoo.distributed_shampoo import DistributedShampoo
[rank2]:   File "/algorithmic-efficiency/submissions_algorithms/leaderboard/external_tuning/shampoo_submission/optimizers/distributed_shampoo/distributed_shampoo.py", line 71, in <module>
[rank2]:     from submissions_algorithms.leaderboard.external_tuning.shampoo_submission.optimizers.distributed_shampoo.utils.shampoo_checkpoint_utils import (
[rank2]:   File "/algorithmic-efficiency/submissions_algorithms/leaderboard/external_tuning/shampoo_submission/optimizers/distributed_shampoo/utils/shampoo_checkpoint_utils.py", line 18, in <module>
[rank2]:     from submissions.submissions_algorithms_v0_5.AlgoPerf_Team_21.external_tuning.shampoo_submission.optimizers.optimizer_modules import OptimizerModule
[rank2]: ModuleNotFoundError: No module named 'submissions.submissions_algorithms_v0_5'
[rank3]: Traceback (most recent call last):
[rank3]:   File "/algorithmic-efficiency/submission_runner.py", line 766, in <module>
[rank3]:     app.run(main)
[rank3]:   File "/usr/local/lib/python3.11/site-packages/absl/app.py", line 308, in run
[rank3]:     _run_main(main, args)
[rank3]:   File "/usr/local/lib/python3.11/site-packages/absl/app.py", line 254, in _run_main
[rank3]:     sys.exit(main(argv))
[rank3]:              ^^^^^^^^^^
[rank3]:   File "/algorithmic-efficiency/submission_runner.py", line 734, in main
[rank3]:     score = score_submission_on_workload(
[rank3]:             ^^^^^^^^^^^^^^^^^^^^^^^^^^^^^
[rank3]:   File "/algorithmic-efficiency/submission_runner.py", line 558, in score_submission_on_workload
[rank3]:     submission_module = importlib.import_module(submission_module_path)
[rank3]:                         ^^^^^^^^^^^^^^^^^^^^^^^^^^^^^^^^^^^^^^^^^^^^^^^
[rank3]:   File "/usr/local/lib/python3.11/importlib/__init__.py", line 126, in import_module
[rank3]:     return _bootstrap._gcd_import(name[level:], package, level)
[rank3]:            ^^^^^^^^^^^^^^^^^^^^^^^^^^^^^^^^^^^^^^^^^^^^^^^^^^^^
[rank3]:   File "<frozen importlib._bootstrap>", line 1204, in _gcd_import
[rank3]:   File "<frozen importlib._bootstrap>", line 1176, in _find_and_load
[rank3]:   File "<frozen importlib._bootstrap>", line 1147, in _find_and_load_unlocked
[rank3]:   File "<frozen importlib._bootstrap>", line 690, in _load_unlocked
[rank3]:   File "<frozen importlib._bootstrap_external>", line 940, in exec_module
[rank3]:   File "<frozen importlib._bootstrap>", line 241, in _call_with_frames_removed
[rank3]:   File "/algorithmic-efficiency/submissions_algorithms/leaderboard/external_tuning/shampoo_submission/submission.py", line 22, in <module>
[rank3]:     from submissions_algorithms.leaderboard.external_tuning.shampoo_submission.optimizers.distributed_shampoo.distributed_shampoo import DistributedShampoo
[rank3]:   File "/algorithmic-efficiency/submissions_algorithms/leaderboard/external_tuning/shampoo_submission/optimizers/distributed_shampoo/distributed_shampoo.py", line 71, in <module>
[rank3]:     from submissions_algorithms.leaderboard.external_tuning.shampoo_submission.optimizers.distributed_shampoo.utils.shampoo_checkpoint_utils import (
[rank3]:   File "/algorithmic-efficiency/submissions_algorithms/leaderboard/external_tuning/shampoo_submission/optimizers/distributed_shampoo/utils/shampoo_checkpoint_utils.py", line 18, in <module>
[rank3]:     from submissions.submissions_algorithms_v0_5.AlgoPerf_Team_21.external_tuning.shampoo_submission.optimizers.optimizer_modules import OptimizerModule
[rank3]: ModuleNotFoundError: No module named 'submissions.submissions_algorithms_v0_5'
[rank4]: Traceback (most recent call last):
[rank4]:   File "/algorithmic-efficiency/submission_runner.py", line 766, in <module>
[rank4]:     app.run(main)
[rank4]:   File "/usr/local/lib/python3.11/site-packages/absl/app.py", line 308, in run
[rank4]:     _run_main(main, args)
[rank4]:   File "/usr/local/lib/python3.11/site-packages/absl/app.py", line 254, in _run_main
[rank4]:     sys.exit(main(argv))
[rank4]:              ^^^^^^^^^^
[rank4]:   File "/algorithmic-efficiency/submission_runner.py", line 734, in main
[rank4]:     score = score_submission_on_workload(
[rank4]:             ^^^^^^^^^^^^^^^^^^^^^^^^^^^^^
[rank4]:   File "/algorithmic-efficiency/submission_runner.py", line 558, in score_submission_on_workload
[rank4]:     submission_module = importlib.import_module(submission_module_path)
[rank4]:                         ^^^^^^^^^^^^^^^^^^^^^^^^^^^^^^^^^^^^^^^^^^^^^^^
[rank4]:   File "/usr/local/lib/python3.11/importlib/__init__.py", line 126, in import_module
[rank4]:     return _bootstrap._gcd_import(name[level:], package, level)
[rank4]:            ^^^^^^^^^^^^^^^^^^^^^^^^^^^^^^^^^^^^^^^^^^^^^^^^^^^^
[rank4]:   File "<frozen importlib._bootstrap>", line 1204, in _gcd_import
[rank4]:   File "<frozen importlib._bootstrap>", line 1176, in _find_and_load
[rank4]:   File "<frozen importlib._bootstrap>", line 1147, in _find_and_load_unlocked
[rank4]:   File "<frozen importlib._bootstrap>", line 690, in _load_unlocked
[rank4]:   File "<frozen importlib._bootstrap_external>", line 940, in exec_module
[rank4]:   File "<frozen importlib._bootstrap>", line 241, in _call_with_frames_removed
[rank4]:   File "/algorithmic-efficiency/submissions_algorithms/leaderboard/external_tuning/shampoo_submission/submission.py", line 22, in <module>
[rank4]:     from submissions_algorithms.leaderboard.external_tuning.shampoo_submission.optimizers.distributed_shampoo.distributed_shampoo import DistributedShampoo
[rank4]:   File "/algorithmic-efficiency/submissions_algorithms/leaderboard/external_tuning/shampoo_submission/optimizers/distributed_shampoo/distributed_shampoo.py", line 71, in <module>
[rank4]:     from submissions_algorithms.leaderboard.external_tuning.shampoo_submission.optimizers.distributed_shampoo.utils.shampoo_checkpoint_utils import (
[rank4]:   File "/algorithmic-efficiency/submissions_algorithms/leaderboard/external_tuning/shampoo_submission/optimizers/distributed_shampoo/utils/shampoo_checkpoint_utils.py", line 18, in <module>
[rank4]:     from submissions.submissions_algorithms_v0_5.AlgoPerf_Team_21.external_tuning.shampoo_submission.optimizers.optimizer_modules import OptimizerModule
[rank4]: ModuleNotFoundError: No module named 'submissions.submissions_algorithms_v0_5'
[rank0]:[W314 21:02:55.797696505 ProcessGroupNCCL.cpp:1250] Warning: WARNING: process group has NOT been destroyed before we destruct ProcessGroupNCCL. On normal program exit, the application should call destroy_process_group to ensure that any pending NCCL operations have finished in this process. In rare cases this process can exit before this point and block the progress of another member of the process group. This constraint has always been present,  but this warning has only been added since PyTorch 2.4 (function operator())
W0314 21:02:56.923000 9 site-packages/torch/distributed/elastic/multiprocessing/api.py:897] Sending process 44 closing signal SIGTERM
W0314 21:02:56.924000 9 site-packages/torch/distributed/elastic/multiprocessing/api.py:897] Sending process 45 closing signal SIGTERM
W0314 21:02:56.924000 9 site-packages/torch/distributed/elastic/multiprocessing/api.py:897] Sending process 46 closing signal SIGTERM
W0314 21:02:56.924000 9 site-packages/torch/distributed/elastic/multiprocessing/api.py:897] Sending process 47 closing signal SIGTERM
W0314 21:02:56.925000 9 site-packages/torch/distributed/elastic/multiprocessing/api.py:897] Sending process 48 closing signal SIGTERM
W0314 21:02:56.925000 9 site-packages/torch/distributed/elastic/multiprocessing/api.py:897] Sending process 49 closing signal SIGTERM
W0314 21:02:56.925000 9 site-packages/torch/distributed/elastic/multiprocessing/api.py:897] Sending process 51 closing signal SIGTERM
E0314 21:02:57.541000 9 site-packages/torch/distributed/elastic/multiprocessing/api.py:869] failed (exitcode: 1) local_rank: 6 (pid: 50) of binary: /usr/local/bin/python3.11
Traceback (most recent call last):
  File "/usr/local/bin/torchrun", line 8, in <module>
    sys.exit(main())
             ^^^^^^
  File "/usr/local/lib/python3.11/site-packages/torch/distributed/elastic/multiprocessing/errors/__init__.py", line 355, in wrapper
    return f(*args, **kwargs)
           ^^^^^^^^^^^^^^^^^^
  File "/usr/local/lib/python3.11/site-packages/torch/distributed/run.py", line 919, in main
    run(args)
  File "/usr/local/lib/python3.11/site-packages/torch/distributed/run.py", line 910, in run
    elastic_launch(
  File "/usr/local/lib/python3.11/site-packages/torch/distributed/launcher/api.py", line 138, in __call__
    return launch_agent(self._config, self._entrypoint, list(args))
           ^^^^^^^^^^^^^^^^^^^^^^^^^^^^^^^^^^^^^^^^^^^^^^^^^^^^^^^^
  File "/usr/local/lib/python3.11/site-packages/torch/distributed/launcher/api.py", line 269, in launch_agent
    raise ChildFailedError(
torch.distributed.elastic.multiprocessing.errors.ChildFailedError: 
============================================================
submission_runner.py FAILED
------------------------------------------------------------
Failures:
  <NO_OTHER_FAILURES>
------------------------------------------------------------
Root Cause (first observed failure):
[0]:
  time      : 2025-03-14_21:02:56
  host      : e9853f156cd5
  rank      : 6 (local_rank: 6)
  exitcode  : 1 (pid: 50)
  error_file: <N/A>
  traceback : To enable traceback see: https://pytorch.org/docs/stable/elastic/errors.html
============================================================
